Arguments: 
  /usr/local/bin/node /Users/Zelda/.npm-global/bin/yarn start

PATH: 
  /Users/Zelda/.npm-global/bin:/usr/local/bin:/usr/bin:/bin:/usr/sbin:/sbin

Yarn version: 
  1.10.1

Node version: 
  12.13.1

Platform: 
  darwin x64

Trace: 
  SyntaxError: /Users/Zelda/Redux/Treasured challenge/crud-redux/package.json: Unexpected token o in JSON at position 813
      at JSON.parse (<anonymous>)
      at /Users/Zelda/.npm-global/lib/node_modules/yarn/lib/cli.js:1136:59
      at Generator.next (<anonymous>)
      at step (/Users/Zelda/.npm-global/lib/node_modules/yarn/lib/cli.js:98:30)
      at /Users/Zelda/.npm-global/lib/node_modules/yarn/lib/cli.js:109:13

npm manifest: 
  {
    "name": "crud-redux",
    "version": "0.1.0",
    "private": true,
    "dependencies": {
      "@testing-library/jest-dom": "^4.2.4",
      "@testing-library/react": "^9.4.0",
      "@testing-library/user-event": "^7.2.1",
      "react": "^16.12.0",
      "react-dom": "^16.12.0",
      "react-scripts": "3.3.0"
    },
    "scripts": {
      "start": "react-scripts start",
      "build": "react-scripts build",
      "test": "react-scripts test",
      "eject": "react-scripts eject"
    },
    "eslintConfig": {
      "extends": "react-app"
    },
    "browserslist": {
      "production": [
        ">0.2%",
        "not dead",
        "not op_mini all"
      ],
   "development": [
        "last 1 chrome version",
        "last 1 firefox version",
        "last 1 safari version"
      ]
    },
    "devDependencies": {
      "eslint-plugin-react-hooks": "^2.3.0"
    }
    output: {
     ...// other settings here
     libraryTarget: 'commonjs2'
    },
  }

yarn manifest: 
  No manifest

Lockfile: 
  No lockfile
